#
# There is insufficient memory for the Java Runtime Environment to continue.
# Native memory allocation (mmap) failed to map 134217728 bytes for Failed to commit area from 0x0000000080000000 to 0x0000000088000000 of length 134217728.
# Possible reasons:
#   The system is out of physical RAM or swap space
#   The process is running with CompressedOops enabled, and the Java Heap may be blocking the growth of the native heap
# Possible solutions:
#   Reduce memory load on the system
#   Increase physical memory or swap space
#   Check if swap backing store is full
#   Decrease Java heap size (-Xmx/-Xms)
#   Decrease number of Java threads
#   Decrease Java thread stack sizes (-Xss)
#   Set larger code cache with -XX:ReservedCodeCacheSize=
# This output file may be truncated or incomplete.
#
#  Out of Memory Error (t:/workspace/open/src/hotspot/os/windows/os_windows.cpp:3269), pid=12520, tid=21368
#
# JRE version:  (11.0.2+7) (build )
# Java VM: Java HotSpot(TM) 64-Bit Server VM (11.0.2+7-LTS, mixed mode, aot, sharing, tiered, compressed oops, g1 gc, windows-amd64)
# No core dump will be written. Minidumps are not enabled by default on client versions of Windows
#

---------------  S U M M A R Y ------------

Command Line: -Xmx2048M -Dfile.encoding=UTF8 C:\Program Files\Unity5.6.3f1\Unity\Editor\Data\PlaybackEngines\AndroidPlayer/Tools\sdktools.jar -

Host: Intel(R) Core(TM) i7-8550U CPU @ 1.80GHz, 8 cores, 7G,  Windows 10 , 64 bit Build 17134 (10.0.17134.706)
Time: Mon Apr 29 11:05:44 2019 Pakistan Standard Time elapsed time: 0 seconds (0d 0h 0m 0s)

---------------  T H R E A D  ---------------

Current thread (0x000001d9f2055800):  JavaThread "Unknown thread" [_thread_in_vm, id=21368, stack(0x000000412d400000,0x000000412d500000)]

Stack: [0x000000412d400000,0x000000412d500000]
Native frames: (J=compiled Java code, j=interpreted, Vv=VM code, C=native code)
V  [jvm.dll+0x63574a]
V  [jvm.dll+0x77326f]
V  [jvm.dll+0x77491a]
V  [jvm.dll+0x774fd3]
V  [jvm.dll+0x25e418]
V  [jvm.dll+0x632c0a]
V  [jvm.dll+0x627645]
V  [jvm.dll+0x314e7c]
V  [jvm.dll+0x314d02]
V  [jvm.dll+0x31a576]
V  [jvm.dll+0x36635f]
V  [jvm.dll+0x365d80]
V  [jvm.dll+0x2f19f8]
V  [jvm.dll+0x2f2b56]
V  [jvm.dll+0x74c817]
V  [jvm.dll+0x74df5f]
V  [jvm.dll+0x373179]
V  [jvm.dll+0x732eb9]
V  [jvm.dll+0x3e295d]
V  [jvm.dll+0x3e4c61]
C  [java.exe+0x3607]
C  [java.exe+0x178dc]
C  [KERNEL32.DLL+0x14034]
C  [ntdll.dll+0x73691]


---------------  P R O C E S S  ---------------

Threads class SMR info:
_java_thread_list=0x000001d9efe03280, length=0, elements={
}

Java Threads: ( => current thread )

Other Threads:
  0x000001d9f2069800 GCTaskThread "GC Thread#0" [stack: 0x000000412d500000,0x000000412d600000] [id=1420]
  0x000001d9f209c800 ConcurrentGCThread "G1 Main Marker" [stack: 0x000000412d600000,0x000000412d700000] [id=12056]
  0x000001d9f209f000 ConcurrentGCThread "G1 Conc#0" [stack: 0x000000412d700000,0x000000412d800000] [id=9312]

[error occurred during error reporting (printing all threads), id 0xc0000005, EXCEPTION_ACCESS_VIOLATION (0xc0000005) at pc=0x00007ffd4de70197]

VM state:not at safepoint (not fully initialized)

VM Mutex/Monitor currently owned by a thread:  ([mutex/lock_event])
[0x000001d9f2053db0] Heap_lock - owner thread: 0x000001d9f2055800

Heap address: 0x0000000080000000, size: 2048 MB, Compressed Oops mode: Non-zero based: 0x0000000080000000
Narrow klass base: 0x0000000000000000, Narrow klass shift: 0

GC Heap History (0 events):
No events

Deoptimization events (0 events):
No events

Classes redefined (0 events):
No events

Internal exceptions (0 events):
No events

Events (0 events):
No events


Dynamic libraries:
0x00007ff741860000 - 0x00007ff7418a7000 	C:\jdk-11.0.2_windows-x64_bin\jdk-11.0.2\bin\java.exe
0x00007ffd8b720000 - 0x00007ffd8b901000 	C:\WINDOWS\SYSTEM32\ntdll.dll
0x00007ffd6d430000 - 0x00007ffd6d442000 	C:\Program Files\AVAST Software\Avast\aswhook.dll
0x00007ffd88f90000 - 0x00007ffd89041000 	C:\WINDOWS\System32\KERNEL32.DLL
0x00007ffd87af0000 - 0x00007ffd87d63000 	C:\WINDOWS\System32\KERNELBASE.dll
0x00007ffd89880000 - 0x00007ffd89921000 	C:\WINDOWS\System32\ADVAPI32.dll
0x00007ffd897d0000 - 0x00007ffd8986e000 	C:\WINDOWS\System32\msvcrt.dll
0x00007ffd88db0000 - 0x00007ffd88e0b000 	C:\WINDOWS\System32\sechost.dll
0x00007ffd899b0000 - 0x00007ffd89ad4000 	C:\WINDOWS\System32\RPCRT4.dll
0x00007ffd890b0000 - 0x00007ffd89240000 	C:\WINDOWS\System32\USER32.dll
0x00007ffd88230000 - 0x00007ffd88250000 	C:\WINDOWS\System32\win32u.dll
0x00007ffd892a0000 - 0x00007ffd892c8000 	C:\WINDOWS\System32\GDI32.dll
0x00007ffd88250000 - 0x00007ffd883e2000 	C:\WINDOWS\System32\gdi32full.dll
0x00007ffd87f60000 - 0x00007ffd87fff000 	C:\WINDOWS\System32\msvcp_win.dll
0x00007ffd88050000 - 0x00007ffd88148000 	C:\WINDOWS\System32\ucrtbase.dll
0x00007ffd7a770000 - 0x00007ffd7a9d9000 	C:\WINDOWS\WinSxS\amd64_microsoft.windows.common-controls_6595b64144ccf1df_6.0.17134.706_none_fb43a2cb30647007\COMCTL32.dll
0x00007ffd89440000 - 0x00007ffd89762000 	C:\WINDOWS\System32\combase.dll
0x00007ffd88150000 - 0x00007ffd881ca000 	C:\WINDOWS\System32\bcryptPrimitives.dll
0x00007ffd7aa50000 - 0x00007ffd7aa5a000 	C:\WINDOWS\SYSTEM32\VERSION.dll
0x00007ffd8b690000 - 0x00007ffd8b6bd000 	C:\WINDOWS\System32\IMM32.DLL
0x00007ffd83c10000 - 0x00007ffd83c26000 	C:\jdk-11.0.2_windows-x64_bin\jdk-11.0.2\bin\vcruntime140.dll
0x00007ffd67e40000 - 0x00007ffd67eea000 	C:\jdk-11.0.2_windows-x64_bin\jdk-11.0.2\bin\msvcp140.dll
0x00007ffd4db70000 - 0x00007ffd4e697000 	C:\jdk-11.0.2_windows-x64_bin\jdk-11.0.2\bin\server\jvm.dll
0x00007ffd8b6c0000 - 0x00007ffd8b6c8000 	C:\WINDOWS\System32\PSAPI.DLL
0x00007ffd76120000 - 0x00007ffd76129000 	C:\WINDOWS\SYSTEM32\WSOCK32.dll
0x00007ffd89930000 - 0x00007ffd8999c000 	C:\WINDOWS\System32\WS2_32.dll
0x00007ffd85270000 - 0x00007ffd85293000 	C:\WINDOWS\SYSTEM32\WINMM.dll
0x00007ffd85240000 - 0x00007ffd8526a000 	C:\WINDOWS\SYSTEM32\WINMMBASE.dll
0x00007ffd88000000 - 0x00007ffd88049000 	C:\WINDOWS\System32\cfgmgr32.dll
0x00007ffd87ad0000 - 0x00007ffd87ae1000 	C:\WINDOWS\System32\kernel.appcore.dll
0x00007ffd822f0000 - 0x00007ffd82301000 	C:\jdk-11.0.2_windows-x64_bin\jdk-11.0.2\bin\verify.dll
0x00007ffd86520000 - 0x00007ffd866e9000 	C:\WINDOWS\SYSTEM32\DBGHELP.DLL
0x00007ffd758c0000 - 0x00007ffd758e9000 	C:\WINDOWS\SYSTEM32\dbgcore.DLL
0x00007ffd81a40000 - 0x00007ffd81a69000 	C:\jdk-11.0.2_windows-x64_bin\jdk-11.0.2\bin\java.dll
0x00007ffd81c70000 - 0x00007ffd81c86000 	C:\jdk-11.0.2_windows-x64_bin\jdk-11.0.2\bin\zip.dll
0x00007ffd841c0000 - 0x00007ffd841ca000 	C:\jdk-11.0.2_windows-x64_bin\jdk-11.0.2\bin\jimage.dll

dbghelp: loaded successfully - version: 4.0.5 - missing functions: none
symbol engine: initialized successfully - sym options: 0x614 - pdb path: .;C:\jdk-11.0.2_windows-x64_bin\jdk-11.0.2\bin;C:\WINDOWS\SYSTEM32;C:\Program Files\AVAST Software\Avast;C:\WINDOWS\WinSxS\amd64_microsoft.windows.common-controls_6595b64144ccf1df_6.0.17134.706_none_fb43a2cb30647007;C:\jdk-11.0.2_windows-x64_bin\jdk-11.0.2\bin\server

VM Arguments:
jvm_args: -Xmx2048M -Dfile.encoding=UTF8 
java_command: C:\Program Files\Unity5.6.3f1\Unity\Editor\Data\PlaybackEngines\AndroidPlayer/Tools\sdktools.jar -
java_class_path (initial): C:\Program Files\Unity5.6.3f1\Unity\Editor\Data\PlaybackEngines\AndroidPlayer/Tools\sdktools.jar
Launcher Type: SUN_STANDARD

[Global flags]
     intx CICompilerCount                          = 4                                         {product} {ergonomic}
     uint ConcGCThreads                            = 2                                         {product} {ergonomic}
     uint G1ConcRefinementThreads                  = 8                                         {product} {ergonomic}
   size_t G1HeapRegionSize                         = 1048576                                   {product} {ergonomic}
    uintx GCDrainStackTargetSize                   = 64                                        {product} {ergonomic}
   size_t InitialHeapSize                          = 134217728                                 {product} {ergonomic}
   size_t MarkStackSize                            = 4194304                                   {product} {ergonomic}
   size_t MaxHeapSize                              = 2147483648                                {product} {command line}
   size_t MinHeapDeltaBytes                        = 1048576                                   {product} {ergonomic}
    uintx NonNMethodCodeHeapSize                   = 5835340                                {pd product} {ergonomic}
    uintx NonProfiledCodeHeapSize                  = 122911450                              {pd product} {ergonomic}
    uintx ProfiledCodeHeapSize                     = 122911450                              {pd product} {ergonomic}
    uintx ReservedCodeCacheSize                    = 251658240                              {pd product} {ergonomic}
     bool SegmentedCodeCache                       = true                                      {product} {ergonomic}
     bool UseCompressedClassPointers               = true                                 {lp64_product} {ergonomic}
     bool UseCompressedOops                        = true                                 {lp64_product} {ergonomic}
     bool UseG1GC                                  = true                                      {product} {ergonomic}
     bool UseLargePagesIndividualAllocation        = false                                  {pd product} {ergonomic}

Logging:
Log output configuration:
 #0: stdout all=warning uptime,level,tags
 #1: stderr all=off uptime,level,tags

Environment Variables:
PATH=C:\WINDOWS\system32;C:\WINDOWS;C:\WINDOWS\System32\Wbem;C:\WINDOWS\System32\WindowsPowerShell\v1.0\;C:\WINDOWS\System32\OpenSSH\;C:\Program Files (x86)\GtkSharp\2.12\bin;C:\Users\Ghilman\AppData\Local\Microsoft\WindowsApps;C:\Users\Ghilman\AppData\Local\Android\android-sdk\tools;C:\Users\Ghilman\AppData\Local\Android\android-sdk\platform-tools;
USERNAME=Ghilman
OS=Windows_NT
PROCESSOR_IDENTIFIER=Intel64 Family 6 Model 142 Stepping 10, GenuineIntel



---------------  S Y S T E M  ---------------

OS: Windows 10 , 64 bit Build 17134 (10.0.17134.706)

CPU:total 8 (initial active 8) (4 cores per cpu, 2 threads per core) family 6 model 142 stepping 10, cmov, cx8, fxsr, mmx, sse, sse2, sse3, ssse3, sse4.1, sse4.2, popcnt, avx, avx2, aes, clmul, erms, 3dnowpref, lzcnt, ht, tsc, tscinvbit, bmi1, bmi2, adx, fma

Memory: 4k page, system-wide physical 8089M (2761M free)
TotalPageFile size 32665M (AvailPageFile size 42M)
current process WorkingSet (physical memory assigned to process): 9M, peak: 9M
current process commit charge ("private bytes"): 60M, peak: 188M

vm_info: Java HotSpot(TM) 64-Bit Server VM (11.0.2+7-LTS) for windows-amd64 JRE (11.0.2+7-LTS), built on Dec 12 2018 03:49:33 by "mach5one" with MS VC++ 15.5 (VS2017)

END.
