#
# There is insufficient memory for the Java Runtime Environment to continue.
# Native memory allocation (malloc) failed to allocate 1048576 bytes for AllocateHeap
# Possible reasons:
#   The system is out of physical RAM or swap space
#   In 32 bit mode, the process size limit was hit
# Possible solutions:
#   Reduce memory load on the system
#   Increase physical memory or swap space
#   Check if swap backing store is full
#   Use 64 bit Java on a 64 bit OS
#   Decrease Java heap size (-Xmx/-Xms)
#   Decrease number of Java threads
#   Decrease Java thread stack sizes (-Xss)
#   Set larger code cache with -XX:ReservedCodeCacheSize=
# This output file may be truncated or incomplete.
#
#  Out of Memory Error (memory/allocation.inline.hpp:61), pid=5084, tid=0x0000000000004658
#
# JRE version:  (8.0) (build )
# Java VM: OpenJDK 64-Bit Server VM (25.71-b00 mixed mode windows-amd64 compressed oops)
# Failed to write core dump. Minidumps are not enabled by default on client versions of Windows
#

---------------  T H R E A D  ---------------

Current thread (0x0000000002b0e000):  JavaThread "Unknown thread" [_thread_in_vm, id=18008, stack(0x00000000029e0000,0x0000000002ae0000)]

Stack: [0x00000000029e0000,0x0000000002ae0000]
[error occurred during error reporting (printing stack bounds), id 0xc0000005]

Native frames: (J=compiled Java code, j=interpreted, Vv=VM code, C=native code)


---------------  P R O C E S S  ---------------

Java Threads: ( => current thread )

Other Threads:

=>0x0000000002b0e000 (exited) JavaThread "Unknown thread" [_thread_in_vm, id=18008, stack(0x00000000029e0000,0x0000000002ae0000)]

VM state:not at safepoint (normal execution)

VM Mutex/Monitor currently owned by a thread: None

Heap:
 PSYoungGen      total 38400K, used 665K [0x00000000d5580000, 0x00000000d8000000, 0x0000000100000000)
  eden space 33280K, 2% used [0x00000000d5580000,0x00000000d5626670,0x00000000d7600000)
  from space 5120K, 0% used [0x00000000d7b00000,0x00000000d7b00000,0x00000000d8000000)
  to   space 5120K, 0% used [0x00000000d7600000,0x00000000d7600000,0x00000000d7b00000)
 ParOldGen       total 87552K, used 0K [0x0000000080000000, 0x0000000085580000, 0x00000000d5580000)
  object space 87552K, 0% used [0x0000000080000000,0x0000000080000000,0x0000000085580000)
 Metaspace       used 777K, capacity 4480K, committed 4480K, reserved 1056768K
  class space    used 74K, capacity 384K, committed 384K, reserved 1048576K

Card table byte_map: [0x0000000011fd0000,0x00000000123e0000] byte_map_base: 0x0000000011bd0000

Marking Bits: (ParMarkBitMap*) 0x0000000057a9be50
 Begin Bits: [0x0000000012e90000, 0x0000000014e90000)
 End Bits:   [0x0000000014e90000, 0x0000000016e90000)

Polling page: 0x0000000000d80000

CodeCache: size=245760Kb used=328Kb max_used=328Kb free=245431Kb
 bounds [0x0000000002c10000, 0x0000000002e80000, 0x0000000011c10000]
 total_blobs=57 nmethods=0 adapters=38
 compilation: enabled

Compilation events (0 events):
No events

GC Heap History (0 events):
No events

Deoptimization events (0 events):
No events

Classes redefined (0 events):
No events

Internal exceptions (0 events):
No events

Events (10 events):
Event: 0.017 loading class java/lang/Short
Event: 0.017 loading class java/lang/Short done
Event: 0.017 loading class java/lang/Integer
Event: 0.017 loading class java/lang/Integer done
Event: 0.017 loading class java/lang/Long
Event: 0.017 loading class java/lang/Long done
Event: 0.017 loading class java/lang/NullPointerException
Event: 0.017 loading class java/lang/NullPointerException done
Event: 0.017 loading class java/lang/ArithmeticException
Event: 0.018 loading class java/lang/ArithmeticException done


Dynamic libraries:
0x00007ff7685a0000 - 0x00007ff7685d5000 	C:\Program Files\Unity\Editor\Data\PlaybackEngines\AndroidPlayer\Tools\OpenJDK\Windows\bin\java.exe
0x00007ffd8b720000 - 0x00007ffd8b901000 	C:\WINDOWS\SYSTEM32\ntdll.dll
0x00007ffd6d430000 - 0x00007ffd6d442000 	C:\Program Files\AVAST Software\Avast\aswhook.dll
0x00007ffd88f90000 - 0x00007ffd89041000 	C:\WINDOWS\System32\KERNEL32.DLL
0x00007ffd87af0000 - 0x00007ffd87d63000 	C:\WINDOWS\System32\KERNELBASE.dll
0x00007ffd89880000 - 0x00007ffd89921000 	C:\WINDOWS\System32\ADVAPI32.dll
0x00007ffd897d0000 - 0x00007ffd8986e000 	C:\WINDOWS\System32\msvcrt.dll
0x00007ffd88db0000 - 0x00007ffd88e0b000 	C:\WINDOWS\System32\sechost.dll
0x00007ffd899b0000 - 0x00007ffd89ad4000 	C:\WINDOWS\System32\RPCRT4.dll
0x00007ffd890b0000 - 0x00007ffd89240000 	C:\WINDOWS\System32\USER32.dll
0x00007ffd88230000 - 0x00007ffd88250000 	C:\WINDOWS\System32\win32u.dll
0x00007ffd892a0000 - 0x00007ffd892c8000 	C:\WINDOWS\System32\GDI32.dll
0x00007ffd88250000 - 0x00007ffd883e2000 	C:\WINDOWS\System32\gdi32full.dll
0x00007ffd87f60000 - 0x00007ffd87fff000 	C:\WINDOWS\System32\msvcp_win.dll
0x00007ffd88050000 - 0x00007ffd88148000 	C:\WINDOWS\System32\ucrtbase.dll
0x00007ffd7a770000 - 0x00007ffd7a9d9000 	C:\WINDOWS\WinSxS\amd64_microsoft.windows.common-controls_6595b64144ccf1df_6.0.17134.706_none_fb43a2cb30647007\COMCTL32.dll
0x00007ffd89440000 - 0x00007ffd89762000 	C:\WINDOWS\System32\combase.dll
0x00007ffd88150000 - 0x00007ffd881ca000 	C:\WINDOWS\System32\bcryptPrimitives.dll
0x00007ffd8b690000 - 0x00007ffd8b6bd000 	C:\WINDOWS\System32\IMM32.DLL
0x0000000057b20000 - 0x0000000057bf2000 	C:\Program Files\Unity\Editor\Data\PlaybackEngines\AndroidPlayer\Tools\OpenJDK\Windows\jre\bin\msvcr100.dll
0x00000000572d0000 - 0x0000000057b19000 	C:\Program Files\Unity\Editor\Data\PlaybackEngines\AndroidPlayer\Tools\OpenJDK\Windows\jre\bin\server\jvm.dll
0x00007ffd8b6c0000 - 0x00007ffd8b6c8000 	C:\WINDOWS\System32\PSAPI.DLL
0x00007ffd76120000 - 0x00007ffd76129000 	C:\WINDOWS\SYSTEM32\WSOCK32.dll
0x00007ffd89930000 - 0x00007ffd8999c000 	C:\WINDOWS\System32\WS2_32.dll
0x00007ffd85270000 - 0x00007ffd85293000 	C:\WINDOWS\SYSTEM32\WINMM.dll
0x00007ffd7aa50000 - 0x00007ffd7aa5a000 	C:\WINDOWS\SYSTEM32\VERSION.dll
0x00007ffd85240000 - 0x00007ffd8526a000 	C:\WINDOWS\SYSTEM32\WINMMBASE.dll
0x00007ffd88000000 - 0x00007ffd88049000 	C:\WINDOWS\System32\cfgmgr32.dll
0x00007ffd81a10000 - 0x00007ffd81a1f000 	C:\Program Files\Unity\Editor\Data\PlaybackEngines\AndroidPlayer\Tools\OpenJDK\Windows\jre\bin\verify.dll
0x00007ffd63ea0000 - 0x00007ffd63ec9000 	C:\Program Files\Unity\Editor\Data\PlaybackEngines\AndroidPlayer\Tools\OpenJDK\Windows\jre\bin\java.dll
0x00007ffd72e40000 - 0x00007ffd72e56000 	C:\Program Files\Unity\Editor\Data\PlaybackEngines\AndroidPlayer\Tools\OpenJDK\Windows\jre\bin\zip.dll

VM Arguments:
jvm_args: -Xmx2048M -Dcom.android.sdkmanager.toolsdir=C:/Users/Ghilman/AppData/Local/Android/Sdk\tools -Dfile.encoding=UTF8 
java_command: C:\Program Files\Unity5.6.3f1\Unity\Editor\Data\PlaybackEngines\AndroidPlayer/Tools\sdktools.jar -
java_class_path (initial): C:\Program Files\Unity5.6.3f1\Unity\Editor\Data\PlaybackEngines\AndroidPlayer/Tools\sdktools.jar
Launcher Type: SUN_STANDARD

Environment Variables:
PATH=C:\WINDOWS\system32;C:\WINDOWS;C:\WINDOWS\System32\Wbem;C:\WINDOWS\System32\WindowsPowerShell\v1.0\;C:\WINDOWS\System32\OpenSSH\;C:\Program Files (x86)\GtkSharp\2.12\bin;C:\Users\Ghilman\AppData\Local\Microsoft\WindowsApps;C:\Users\Ghilman\AppData\Local\Android\android-sdk\tools;C:\Users\Ghilman\AppData\Local\Android\android-sdk\platform-tools;
USERNAME=Ghilman
OS=Windows_NT
PROCESSOR_IDENTIFIER=Intel64 Family 6 Model 142 Stepping 10, GenuineIntel



---------------  S Y S T E M  ---------------

OS: Windows 10.0 , 64 bit Build 17134 (10.0.17134.706)

CPU:total 8 (initial active 8) (4 cores per cpu, 2 threads per core) family 6 model 142 stepping 10, cmov, cx8, fxsr, mmx, sse, sse2, sse3, ssse3, sse4.1, sse4.2, popcnt, avx, avx2, aes, clmul, erms, 3dnowpref, lzcnt, ht, tsc, tscinvbit, bmi1, bmi2, adx

Memory: 4k page, physical 8283900k(2491036k free), swap 33449724k(16432k free)

vm_info: OpenJDK 64-Bit Server VM (25.71-b00) for windows-amd64 JRE (1.8.0-adoptopenjdk-_2018_05_19_00_59-b00), built on May 19 2018 01:02:12 by "jenkins" with MS VC++ 10.0 (VS2010)

time: Fri Apr 26 12:53:56 2019
elapsed time: 0 seconds (0d 0h 0m 0s)

